<?xml version="1.0" encoding="UTF-8"?>
<!-- Generated by org.testng.reporters.JUnitReportReporter -->
<testsuite hostname="RGGYSLT-0639" failures="0" tests="1" name="Static_test.test1" time="0.009" errors="0" timestamp="2023-06-12T17:27:23 IST" skipped="0">
  <testcase classname="Static_test.test1" name="echoIt" time="0.009"/>
  <system-out/>
</testsuite> <!-- Static_test.test1 -->
