<?xml version="1.0" encoding="UTF-8"?>
<!-- Generated by org.testng.reporters.JUnitReportReporter -->
<testsuite hostname="RGGYSLT-0639" failures="0" tests="1" name="Booking_OTA.OTA_Agoda_Manual_Automation" time="7104.657" errors="0" timestamp="2023-06-03T11:47:11 IST" skipped="0">
  <testcase classname="Booking_OTA.OTA_Agoda_Manual_Automation" name="BookingAutomation" time="7104.657"/>
  <system-out/>
</testsuite> <!-- Booking_OTA.OTA_Agoda_Manual_Automation -->
