<?xml version="1.0" encoding="UTF-8"?>
<!-- Generated by org.testng.reporters.JUnitReportReporter -->
<testsuite hostname="RGGYSLT-0639" failures="0" tests="1" name="bookingOtaVR.GoogleBot" time="11624.827" errors="0" timestamp="2023-03-31T12:56:42 IST" skipped="0">
  <testcase classname="bookingOtaVR.GoogleBot" name="TestData" time="11624.827"/>
  <system-out/>
</testsuite> <!-- bookingOtaVR.GoogleBot -->
