<?xml version="1.0" encoding="UTF-8"?>
<!-- Generated by org.testng.reporters.JUnitReportReporter -->
<testsuite hostname="RGGYSLT-0639" failures="0" tests="1" name="bookingOtaVR.Agoda_ByGoogleUrl" time="7644.099" errors="0" timestamp="2023-05-25T17:22:26 IST" skipped="0">
  <testcase classname="bookingOtaVR.Agoda_ByGoogleUrl" name="TestData" time="7644.099"/>
  <system-out/>
</testsuite> <!-- bookingOtaVR.Agoda_ByGoogleUrl -->
