<?xml version="1.0" encoding="UTF-8"?>
<!-- Generated by org.testng.reporters.JUnitReportReporter -->
<testsuite hostname="RGGYSLT-0639" failures="0" tests="1" name="bookingOtaVR.Hopper" time="2221.215" errors="0" timestamp="2023-02-03T15:59:49 IST" skipped="0">
  <testcase classname="bookingOtaVR.Hopper" name="TestData" time="2221.215"/>
  <system-out/>
</testsuite> <!-- bookingOtaVR.Hopper -->
