<?xml version="1.0" encoding="UTF-8"?>
<!-- Generated by org.testng.reporters.JUnitReportReporter -->
<testsuite hostname="RGGYSLT-0639" failures="0" tests="1" name="bookingOtaVR.Google_Expedia_Booking_Makemytrip" time="52840.375" errors="0" timestamp="2023-02-27T12:00:53 IST" skipped="0">
  <testcase classname="bookingOtaVR.Google_Expedia_Booking_Makemytrip" name="TestData" time="52840.375"/>
  <system-out/>
</testsuite> <!-- bookingOtaVR.Google_Expedia_Booking_Makemytrip -->
