<?xml version="1.0" encoding="UTF-8"?>
<!-- Generated by org.testng.reporters.JUnitReportReporter -->
<testsuite hostname="RGGYSLT-0639" failures="0" tests="1" name="Booking_OTA.TicketAutomatedSearch" time="6911.070" errors="0" timestamp="2023-05-22T00:03:58 IST" skipped="0">
  <testcase classname="Booking_OTA.TicketAutomatedSearch" name="BookingAutomation" time="6911.070"/>
  <system-out/>
</testsuite> <!-- Booking_OTA.TicketAutomatedSearch -->
