<?xml version="1.0" encoding="UTF-8"?>
<!-- Generated by org.testng.reporters.JUnitReportReporter -->
<testsuite hostname="RGGYSLT-0639" failures="0" tests="1" name="bookingOtaVR.PGh_Expedia2" time="356.044" errors="0" timestamp="2023-02-07T16:30:02 IST" skipped="0">
  <testcase classname="bookingOtaVR.PGh_Expedia2" name="TestData" time="356.044"/>
  <system-out/>
</testsuite> <!-- bookingOtaVR.PGh_Expedia2 -->
