<?xml version="1.0" encoding="UTF-8"?>
<!-- Generated by org.testng.reporters.JUnitReportReporter -->
<testsuite hostname="RGGYSLT-0639" failures="0" tests="1" name="Booking_OTA.MMT_AutomatedSearch" time="2849.073" errors="0" timestamp="2023-06-27T23:40:19 IST" skipped="0">
  <testcase classname="Booking_OTA.MMT_AutomatedSearch" name="BookingAutomation" time="2849.073"/>
  <system-out/>
</testsuite> <!-- Booking_OTA.MMT_AutomatedSearch -->
