<?xml version="1.0" encoding="UTF-8"?>
<!-- Generated by org.testng.reporters.JUnitReportReporter -->
<testsuite hostname="RGGYSLT-0639" failures="0" tests="1" name="bookingOtaVR.Agoda_PickingRequiredDetailsByURL" time="2230.734" errors="0" timestamp="2023-06-05T19:13:18 IST" skipped="0">
  <testcase classname="bookingOtaVR.Agoda_PickingRequiredDetailsByURL" name="TestData" time="2230.734"/>
  <system-out/>
</testsuite> <!-- bookingOtaVR.Agoda_PickingRequiredDetailsByURL -->
