<?xml version="1.0" encoding="UTF-8"?>
<!-- Generated by org.testng.reporters.JUnitReportReporter -->
<testsuite hostname="RGGYSLT-0639" failures="0" tests="1" name="bookingOtaVR.Wyndham_by_url" time="28.009" errors="0" timestamp="2023-06-20T12:43:56 IST" skipped="0">
  <testcase classname="bookingOtaVR.Wyndham_by_url" name="TestData" time="28.009"/>
  <system-out/>
</testsuite> <!-- bookingOtaVR.Wyndham_by_url -->
