<?xml version="1.0" encoding="UTF-8"?>
<!-- Generated by org.testng.reporters.JUnitReportReporter -->
<testsuite hostname="RGGYSLT-0639" failures="0" tests="1" name="bookingOtaVR.BookingVR2" time="6232.858" errors="0" timestamp="2023-06-26T17:57:20 IST" skipped="0">
  <testcase classname="bookingOtaVR.BookingVR2" name="TestData" time="6232.858"/>
  <system-out/>
</testsuite> <!-- bookingOtaVR.BookingVR2 -->
