<?xml version="1.0" encoding="UTF-8"?>
<!-- Generated by org.testng.reporters.JUnitReportReporter -->
<testsuite hostname="RGGYSLT-0639" failures="0" tests="1" name="Booking_OTA.MMT_AutomatedSearch" time="35318.215" errors="0" timestamp="2023-06-27T07:08:44 IST" skipped="0">
  <testcase classname="Booking_OTA.MMT_AutomatedSearch" name="BookingAutomation" time="35318.215"/>
  <system-out/>
</testsuite> <!-- Booking_OTA.MMT_AutomatedSearch -->
