<?xml version="1.0" encoding="UTF-8"?>
<!-- Generated by org.testng.reporters.JUnitReportReporter -->
<testsuite hostname="RGGYSLT-0639" failures="0" tests="1" name="bookingOtaVR.GoogleBot" time="2475.363" errors="0" timestamp="2023-03-28T13:10:03 IST" skipped="0">
  <testcase classname="bookingOtaVR.GoogleBot" name="TestData" time="2475.363"/>
  <system-out/>
</testsuite> <!-- bookingOtaVR.GoogleBot -->
