<?xml version="1.0" encoding="UTF-8"?>
<!-- Generated by org.testng.reporters.JUnitReportReporter -->
<testsuite hostname="RGGYSLT-0639" failures="0" tests="1" name="Booking_OTA.TripAdvisorAutomatedSearch" time="9847.398" errors="0" timestamp="2023-05-10T15:08:02 IST" skipped="0">
  <testcase classname="Booking_OTA.TripAdvisorAutomatedSearch" name="BookingAutomation" time="9847.398"/>
  <system-out/>
</testsuite> <!-- Booking_OTA.TripAdvisorAutomatedSearch -->
