<?xml version="1.0" encoding="UTF-8"?>
<!-- Generated by org.testng.reporters.JUnitReportReporter -->
<testsuite hostname="RGGYSLT-0639" failures="0" tests="1" name="bookingOtaVR.GoogleByURL" time="1255.045" errors="0" timestamp="2023-06-14T21:54:54 IST" skipped="0">
  <testcase classname="bookingOtaVR.GoogleByURL" name="TestData" time="1255.045"/>
  <system-out/>
</testsuite> <!-- bookingOtaVR.GoogleByURL -->
