<?xml version="1.0" encoding="UTF-8"?>
<!-- Generated by org.testng.reporters.JUnitReportReporter -->
<testsuite hostname="RGGYSLT-0639" failures="0" tests="1" name="bookingOtaVR.GoogleByURL" time="2567.524" errors="0" timestamp="2023-02-24T09:45:52 IST" skipped="0">
  <testcase classname="bookingOtaVR.GoogleByURL" name="TestData" time="2567.524"/>
  <system-out/>
</testsuite> <!-- bookingOtaVR.GoogleByURL -->
