<?xml version="1.0" encoding="UTF-8"?>
<!-- Generated by org.testng.reporters.JUnitReportReporter -->
<testsuite hostname="RGGYSLT-0639" failures="0" tests="1" name="Booking_OTA.Booking_AutomatedSearch" time="9287.166" errors="0" timestamp="2023-05-09T12:12:55 IST" skipped="0">
  <testcase classname="Booking_OTA.Booking_AutomatedSearch" name="BookingAutomation" time="9287.166"/>
  <system-out/>
</testsuite> <!-- Booking_OTA.Booking_AutomatedSearch -->
