<?xml version="1.0" encoding="UTF-8"?>
<!-- Generated by org.testng.reporters.JUnitReportReporter -->
<testsuite hostname="RGGYSLT-0639" failures="0" tests="1" name="Booking_OTA.Booking_cw" time="6683.724" errors="0" timestamp="2023-02-01T16:48:34 IST" skipped="0">
  <testcase classname="Booking_OTA.Booking_cw" name="BookingAutomation" time="6683.724"/>
  <system-out/>
</testsuite> <!-- Booking_OTA.Booking_cw -->
