<?xml version="1.0" encoding="UTF-8"?>
<!-- Generated by org.testng.reporters.JUnitReportReporter -->
<testsuite hostname="RGGYSLT-0639" failures="0" tests="1" name="bookingOtaVR.GoogleBot" time="4515.027" errors="0" timestamp="2023-06-14T16:06:32 IST" skipped="0">
  <testcase classname="bookingOtaVR.GoogleBot" name="TestData" time="4515.027"/>
  <system-out/>
</testsuite> <!-- bookingOtaVR.GoogleBot -->
